2023-12-05 21:53:53 [restartedMain] INFO InventoryManagementApp - Starting InventoryManagementApp using Java 20 with PID 39128 (started by Ravi in C:\Users\Ravi\spring_practice\InventoryManagementApp) (StartupInfoLogger.java:51)
2023-12-05 21:53:53 [restartedMain] INFO InventoryManagementApp - No active profile set, falling back to 1 default profile: "default" (SpringApplication.java:638)
2023-12-05 21:53:54 [restartedMain] INFO RepositoryConfigurationDelegate - Multiple Spring Data modules found, entering strict repository configuration mode (RepositoryConfigurationDelegate.java:291)
2023-12-05 21:53:54 [restartedMain] INFO RepositoryConfigurationDelegate - Bootstrapping Spring Data JDBC repositories in DEFAULT mode. (RepositoryConfigurationDelegate.java:138)
2023-12-05 21:53:54 [restartedMain] INFO RepositoryConfigurationDelegate - Finished Spring Data repository scanning in 1 ms. Found 0 JDBC repository interfaces. (RepositoryConfigurationDelegate.java:208)
2023-12-05 21:53:54 [restartedMain] INFO RepositoryConfigurationDelegate - Multiple Spring Data modules found, entering strict repository configuration mode (RepositoryConfigurationDelegate.java:291)
2023-12-05 21:53:54 [restartedMain] INFO RepositoryConfigurationDelegate - Bootstrapping Spring Data JPA repositories in DEFAULT mode. (RepositoryConfigurationDelegate.java:138)
2023-12-05 21:53:54 [restartedMain] INFO RepositoryConfigurationDelegate - Finished Spring Data repository scanning in 1 ms. Found 0 JPA repository interfaces. (RepositoryConfigurationDelegate.java:208)
2023-12-05 21:53:54 [restartedMain] INFO TomcatWebServer - Tomcat initialized with port(s): 8085 (http) (TomcatWebServer.java:108)
2023-12-05 21:53:54 [restartedMain] INFO Http11NioProtocol - Initializing ProtocolHandler ["http-nio-8085"] (DirectJDKLog.java:173)
2023-12-05 21:53:54 [restartedMain] INFO StandardService - Starting service [Tomcat] (DirectJDKLog.java:173)
2023-12-05 21:53:54 [restartedMain] INFO StandardEngine - Starting Servlet engine: [Apache Tomcat/10.1.15] (DirectJDKLog.java:173)
2023-12-05 21:53:54 [restartedMain] INFO [/] - Initializing Spring embedded WebApplicationContext (DirectJDKLog.java:173)
2023-12-05 21:53:54 [restartedMain] INFO ServletWebServerApplicationContext - Root WebApplicationContext: initialization completed in 690 ms (ServletWebServerApplicationContext.java:291)
2023-12-05 21:53:54 [restartedMain] INFO LogHelper - HHH000204: Processing PersistenceUnitInfo [name: default] (LogHelper.java:31)
2023-12-05 21:53:54 [restartedMain] INFO SpringPersistenceUnitInfo - No LoadTimeWeaver setup: ignoring JPA class transformer (SpringPersistenceUnitInfo.java:87)
2023-12-05 21:53:54 [restartedMain] INFO HikariDataSource - HikariPool-2 - Starting... (HikariDataSource.java:110)
2023-12-05 21:53:54 [restartedMain] INFO HikariPool - HikariPool-2 - Added connection com.mysql.cj.jdbc.ConnectionImpl@3078bf94 (HikariPool.java:565)
2023-12-05 21:53:54 [restartedMain] INFO HikariDataSource - HikariPool-2 - Start completed. (HikariDataSource.java:123)
2023-12-05 21:53:54 [restartedMain] WARN Dialect - HHH000511: The 5.5.0 version for [org.hibernate.dialect.MySQLDialect] is no longer supported, hence certain features may not work properly. The minimum supported version is 5.7.0. Check the community dialects project for available legacy versions. (Dialect.java:351)
2023-12-05 21:53:54 [restartedMain] INFO JtaPlatformInitiator - HHH000489: No JTA platform available (set 'hibernate.transaction.jta.platform' to enable JTA platform integration) (JtaPlatformInitiator.java:55)
2023-12-05 21:53:54 [restartedMain] INFO LocalContainerEntityManagerFactoryBean - Initialized JPA EntityManagerFactory for persistence unit 'default' (AbstractEntityManagerFactoryBean.java:437)
2023-12-05 21:53:54 [restartedMain] WARN JpaBaseConfiguration$JpaWebConfiguration - spring.jpa.open-in-view is enabled by default. Therefore, database queries may be performed during view rendering. Explicitly configure spring.jpa.open-in-view to disable this warning (JpaBaseConfiguration.java:231)
2023-12-05 21:53:54 [restartedMain] WARN ThymeleafAutoConfiguration$DefaultTemplateResolverConfiguration - Cannot find template location: classpath:/templates/ (please add some templates, check your Thymeleaf configuration, or set spring.thymeleaf.check-template-location=false) (ThymeleafAutoConfiguration.java:101)
2023-12-05 21:53:54 [restartedMain] WARN OptionalLiveReloadServer - Unable to start LiveReload server (OptionalLiveReloadServer.java:62)
2023-12-05 21:53:54 [restartedMain] INFO EndpointLinksResolver - Exposing 15 endpoint(s) beneath base path '/actuator' (EndpointLinksResolver.java:58)
2023-12-05 21:53:54 [restartedMain] INFO Http11NioProtocol - Starting ProtocolHandler ["http-nio-8085"] (DirectJDKLog.java:173)
2023-12-05 21:53:54 [restartedMain] WARN AnnotationConfigServletWebServerApplicationContext - Exception encountered during context initialization - cancelling refresh attempt: org.springframework.context.ApplicationContextException: Failed to start bean 'webServerStartStop' (AbstractApplicationContext.java:624)
2023-12-05 21:53:54 [restartedMain] INFO LocalContainerEntityManagerFactoryBean - Closing JPA EntityManagerFactory for persistence unit 'default' (AbstractEntityManagerFactoryBean.java:650)
2023-12-05 21:53:54 [restartedMain] INFO HikariDataSource - HikariPool-2 - Shutdown initiated... (HikariDataSource.java:350)
2023-12-05 21:53:54 [restartedMain] INFO HikariDataSource - HikariPool-2 - Shutdown completed. (HikariDataSource.java:352)
2023-12-05 21:53:54 [restartedMain] INFO Http11NioProtocol - Pausing ProtocolHandler ["http-nio-8085"] (DirectJDKLog.java:173)
2023-12-05 21:53:54 [restartedMain] INFO StandardService - Stopping service [Tomcat] (DirectJDKLog.java:173)
2023-12-05 21:53:54 [restartedMain] INFO Http11NioProtocol - Stopping ProtocolHandler ["http-nio-8085"] (DirectJDKLog.java:173)
2023-12-05 21:53:54 [restartedMain] INFO Http11NioProtocol - Destroying ProtocolHandler ["http-nio-8085"] (DirectJDKLog.java:173)
2023-12-05 21:53:54 [restartedMain] INFO ConditionEvaluationReportLogger - 

Error starting ApplicationContext. To display the condition evaluation report re-run your application with 'debug' enabled. (ConditionEvaluationReportLogger.java:82)
2023-12-05 21:53:55 [restartedMain] ERROR LoggingFailureAnalysisReporter - 

***************************
APPLICATION FAILED TO START
***************************

Description:

Web server failed to start. Port 8085 was already in use.

Action:

Identify and stop the process that's listening on port 8085 or configure this application to listen on another port.
 (LoggingFailureAnalysisReporter.java:40)
2023-12-05 21:55:33 [restartedMain] INFO InventoryManagementApp - Starting InventoryManagementApp using Java 20 with PID 39128 (C:\Users\Ravi\spring_practice\InventoryManagementApp\target\classes started by Ravi in C:\Users\Ravi\spring_practice\InventoryManagementApp) (StartupInfoLogger.java:51)
2023-12-05 21:55:33 [restartedMain] INFO InventoryManagementApp - No active profile set, falling back to 1 default profile: "default" (SpringApplication.java:638)
2023-12-05 21:55:33 [restartedMain] INFO RepositoryConfigurationDelegate - Multiple Spring Data modules found, entering strict repository configuration mode (RepositoryConfigurationDelegate.java:291)
2023-12-05 21:55:33 [restartedMain] INFO RepositoryConfigurationDelegate - Bootstrapping Spring Data JDBC repositories in DEFAULT mode. (RepositoryConfigurationDelegate.java:138)
2023-12-05 21:55:33 [restartedMain] INFO RepositoryConfigurationDelegate - Finished Spring Data repository scanning in 0 ms. Found 0 JDBC repository interfaces. (RepositoryConfigurationDelegate.java:208)
2023-12-05 21:55:33 [restartedMain] INFO RepositoryConfigurationDelegate - Multiple Spring Data modules found, entering strict repository configuration mode (RepositoryConfigurationDelegate.java:291)
2023-12-05 21:55:33 [restartedMain] INFO RepositoryConfigurationDelegate - Bootstrapping Spring Data JPA repositories in DEFAULT mode. (RepositoryConfigurationDelegate.java:138)
2023-12-05 21:55:33 [restartedMain] INFO RepositoryConfigurationDelegate - Finished Spring Data repository scanning in 0 ms. Found 0 JPA repository interfaces. (RepositoryConfigurationDelegate.java:208)
2023-12-05 21:55:34 [restartedMain] INFO TomcatWebServer - Tomcat initialized with port(s): 8086 (http) (TomcatWebServer.java:108)
2023-12-05 21:55:34 [restartedMain] INFO Http11NioProtocol - Initializing ProtocolHandler ["http-nio-8086"] (DirectJDKLog.java:173)
2023-12-05 21:55:34 [restartedMain] INFO StandardService - Starting service [Tomcat] (DirectJDKLog.java:173)
2023-12-05 21:55:34 [restartedMain] INFO StandardEngine - Starting Servlet engine: [Apache Tomcat/10.1.15] (DirectJDKLog.java:173)
2023-12-05 21:55:34 [restartedMain] INFO [/] - Initializing Spring embedded WebApplicationContext (DirectJDKLog.java:173)
2023-12-05 21:55:34 [restartedMain] INFO ServletWebServerApplicationContext - Root WebApplicationContext: initialization completed in 436 ms (ServletWebServerApplicationContext.java:291)
2023-12-05 21:55:34 [restartedMain] INFO LogHelper - HHH000204: Processing PersistenceUnitInfo [name: default] (LogHelper.java:31)
2023-12-05 21:55:34 [restartedMain] INFO SpringPersistenceUnitInfo - No LoadTimeWeaver setup: ignoring JPA class transformer (SpringPersistenceUnitInfo.java:87)
2023-12-05 21:55:34 [restartedMain] INFO HikariDataSource - HikariPool-3 - Starting... (HikariDataSource.java:110)
2023-12-05 21:55:34 [restartedMain] INFO HikariPool - HikariPool-3 - Added connection com.mysql.cj.jdbc.ConnectionImpl@26ff96d1 (HikariPool.java:565)
2023-12-05 21:55:34 [restartedMain] INFO HikariDataSource - HikariPool-3 - Start completed. (HikariDataSource.java:123)
2023-12-05 21:55:34 [restartedMain] WARN Dialect - HHH000511: The 5.5.0 version for [org.hibernate.dialect.MySQLDialect] is no longer supported, hence certain features may not work properly. The minimum supported version is 5.7.0. Check the community dialects project for available legacy versions. (Dialect.java:351)
2023-12-05 21:55:34 [restartedMain] INFO JtaPlatformInitiator - HHH000489: No JTA platform available (set 'hibernate.transaction.jta.platform' to enable JTA platform integration) (JtaPlatformInitiator.java:55)
2023-12-05 21:55:34 [restartedMain] INFO LocalContainerEntityManagerFactoryBean - Initialized JPA EntityManagerFactory for persistence unit 'default' (AbstractEntityManagerFactoryBean.java:437)
2023-12-05 21:55:34 [restartedMain] WARN JpaBaseConfiguration$JpaWebConfiguration - spring.jpa.open-in-view is enabled by default. Therefore, database queries may be performed during view rendering. Explicitly configure spring.jpa.open-in-view to disable this warning (JpaBaseConfiguration.java:231)
2023-12-05 21:55:34 [restartedMain] WARN OptionalLiveReloadServer - Unable to start LiveReload server (OptionalLiveReloadServer.java:62)
2023-12-05 21:55:34 [restartedMain] INFO EndpointLinksResolver - Exposing 15 endpoint(s) beneath base path '/actuator' (EndpointLinksResolver.java:58)
2023-12-05 21:55:34 [restartedMain] INFO TomcatWebServer - Tomcat started on port(s): 8086 (http) with context path '' (TomcatWebServer.java:220)
2023-12-05 21:55:34 [restartedMain] INFO InventoryManagementApp - Started InventoryManagementApp in 0.847 seconds (process running for 5786.764) (StartupInfoLogger.java:57)
2023-12-05 21:55:34 [restartedMain] INFO ConditionEvaluationDeltaLoggingListener - Condition evaluation delta:


==========================
CONDITION EVALUATION DELTA
==========================


Positive matches:
-----------------

   JdbcRepositoriesAutoConfiguration.JdbcRepositoriesConfiguration matched:
      - @ConditionalOnMissingBean (types: org.springframework.data.jdbc.repository.config.JdbcRepositoryConfigExtension; SearchStrategy: all) did not find any beans (OnBeanCondition)


Negative matches:
-----------------

    None


Exclusions:
-----------

    None


Unconditional classes:
----------------------

    None


 (ConditionEvaluationDeltaLoggingListener.java:58)
2023-12-05 21:55:34 [SpringApplicationShutdownHook] INFO LocalContainerEntityManagerFactoryBean - Closing JPA EntityManagerFactory for persistence unit 'default' (AbstractEntityManagerFactoryBean.java:650)
2023-12-05 21:55:34 [SpringApplicationShutdownHook] INFO HikariDataSource - HikariPool-3 - Shutdown initiated... (HikariDataSource.java:350)
2023-12-05 21:55:34 [SpringApplicationShutdownHook] INFO HikariDataSource - HikariPool-3 - Shutdown completed. (HikariDataSource.java:352)
