2024-08-16 18:59:42 [HikariPool-1 housekeeper] WARN HikariPool - HikariPool-1 - Thread starvation or clock leap detected (housekeeper delta=19h10m12s637ms713µs400ns). (HikariPool.java:804)
2024-08-16 19:15:12 [http-nio-8086-exec-3] INFO MenuRepositoryCustomImp - Menu Name : Settings (MenuRepositoryCustomImp.java:890)
2024-08-16 19:15:12 [http-nio-8086-exec-3] INFO MenuRepositoryCustomImp - Menu Name : Logout (MenuRepositoryCustomImp.java:890)
2024-08-16 19:15:12 [http-nio-8086-exec-3] INFO MenuAccessServiceImpl - decodedToken[3] : {} (MenuAccessServiceImpl.java:122)
2024-08-16 19:15:12 [http-nio-8086-exec-3] INFO MenuAccessServiceImpl - result in loop : {} (MenuAccessServiceImpl.java:133)
2024-08-16 19:15:12 [http-nio-8086-exec-3] INFO MenuAccessController - Accessible Menus retrieved successfully (MenuAccessController.java:43)
2024-08-16 19:23:02 [Thread-4] INFO HikariDataSource - HikariPool-1 - Shutdown initiated... (HikariDataSource.java:350)
2024-08-16 19:23:02 [Thread-4] INFO HikariDataSource - HikariPool-1 - Shutdown completed. (HikariDataSource.java:352)
2024-08-16 19:23:02 [restartedMain] INFO InventoryManagementApp - Starting InventoryManagementApp using Java 20 with PID 30320 (C:\Users\Ravi\spring_practice\inventory-management-app\target\classes started by Ravi in C:\Users\Ravi\spring_practice\inventory-management-app) (StartupInfoLogger.java:51)
2024-08-16 19:23:02 [restartedMain] INFO InventoryManagementApp - No active profile set, falling back to 1 default profile: "default" (SpringApplication.java:639)
2024-08-16 19:23:04 [restartedMain] INFO LogHelper - HHH000204: Processing PersistenceUnitInfo [name: default] (LogHelper.java:31)
2024-08-16 19:23:04 [restartedMain] INFO HikariDataSource - HikariPool-2 - Starting... (HikariDataSource.java:110)
2024-08-16 19:23:04 [restartedMain] INFO HikariPool - HikariPool-2 - Added connection com.mysql.cj.jdbc.ConnectionImpl@ef73224 (HikariPool.java:565)
2024-08-16 19:23:04 [restartedMain] INFO HikariDataSource - HikariPool-2 - Start completed. (HikariDataSource.java:123)
2024-08-16 19:23:05 [restartedMain] INFO JtaPlatformInitiator - HHH000489: No JTA platform available (set 'hibernate.transaction.jta.platform' to enable JTA platform integration) (JtaPlatformInitiator.java:55)
2024-08-16 19:23:06 [restartedMain] INFO InventoryManagementApp - Started InventoryManagementApp in 3.94 seconds (process running for 74106.48) (StartupInfoLogger.java:57)
2024-08-16 19:26:59 [Thread-15] INFO HikariDataSource - HikariPool-2 - Shutdown initiated... (HikariDataSource.java:350)
2024-08-16 19:26:59 [Thread-15] INFO HikariDataSource - HikariPool-2 - Shutdown completed. (HikariDataSource.java:352)
2024-08-16 19:26:59 [restartedMain] INFO InventoryManagementApp - Starting InventoryManagementApp using Java 20 with PID 30320 (C:\Users\Ravi\spring_practice\inventory-management-app\target\classes started by Ravi in C:\Users\Ravi\spring_practice\inventory-management-app) (StartupInfoLogger.java:51)
2024-08-16 19:26:59 [restartedMain] INFO InventoryManagementApp - No active profile set, falling back to 1 default profile: "default" (SpringApplication.java:639)
2024-08-16 19:27:00 [restartedMain] INFO LogHelper - HHH000204: Processing PersistenceUnitInfo [name: default] (LogHelper.java:31)
2024-08-16 19:27:00 [restartedMain] INFO HikariDataSource - HikariPool-3 - Starting... (HikariDataSource.java:110)
2024-08-16 19:27:00 [restartedMain] INFO HikariPool - HikariPool-3 - Added connection com.mysql.cj.jdbc.ConnectionImpl@4f456ec0 (HikariPool.java:565)
2024-08-16 19:27:00 [restartedMain] INFO HikariDataSource - HikariPool-3 - Start completed. (HikariDataSource.java:123)
2024-08-16 19:27:00 [restartedMain] INFO JtaPlatformInitiator - HHH000489: No JTA platform available (set 'hibernate.transaction.jta.platform' to enable JTA platform integration) (JtaPlatformInitiator.java:55)
2024-08-16 19:27:01 [restartedMain] INFO InventoryManagementApp - Started InventoryManagementApp in 2.245 seconds (process running for 74341.642) (StartupInfoLogger.java:57)
2024-08-16 19:27:02 [Thread-27] INFO HikariDataSource - HikariPool-3 - Shutdown initiated... (HikariDataSource.java:350)
2024-08-16 19:27:02 [Thread-27] INFO HikariDataSource - HikariPool-3 - Shutdown completed. (HikariDataSource.java:352)
2024-08-16 19:27:03 [restartedMain] INFO InventoryManagementApp - Starting InventoryManagementApp using Java 20 with PID 30320 (C:\Users\Ravi\spring_practice\inventory-management-app\target\classes started by Ravi in C:\Users\Ravi\spring_practice\inventory-management-app) (StartupInfoLogger.java:51)
2024-08-16 19:27:03 [restartedMain] INFO InventoryManagementApp - No active profile set, falling back to 1 default profile: "default" (SpringApplication.java:639)
2024-08-16 19:27:03 [restartedMain] INFO LogHelper - HHH000204: Processing PersistenceUnitInfo [name: default] (LogHelper.java:31)
2024-08-16 19:27:03 [restartedMain] INFO HikariDataSource - HikariPool-4 - Starting... (HikariDataSource.java:110)
2024-08-16 19:27:03 [restartedMain] INFO HikariPool - HikariPool-4 - Added connection com.mysql.cj.jdbc.ConnectionImpl@5f8e440b (HikariPool.java:565)
2024-08-16 19:27:03 [restartedMain] INFO HikariDataSource - HikariPool-4 - Start completed. (HikariDataSource.java:123)
2024-08-16 19:27:03 [restartedMain] INFO JtaPlatformInitiator - HHH000489: No JTA platform available (set 'hibernate.transaction.jta.platform' to enable JTA platform integration) (JtaPlatformInitiator.java:55)
2024-08-16 19:27:04 [restartedMain] INFO InventoryManagementApp - Started InventoryManagementApp in 1.504 seconds (process running for 74344.618) (StartupInfoLogger.java:57)
2024-08-16 19:27:58 [Thread-39] INFO HikariDataSource - HikariPool-4 - Shutdown initiated... (HikariDataSource.java:350)
2024-08-16 19:27:59 [Thread-39] INFO HikariDataSource - HikariPool-4 - Shutdown completed. (HikariDataSource.java:352)
2024-08-16 19:27:59 [restartedMain] INFO InventoryManagementApp - Starting InventoryManagementApp using Java 20 with PID 30320 (C:\Users\Ravi\spring_practice\inventory-management-app\target\classes started by Ravi in C:\Users\Ravi\spring_practice\inventory-management-app) (StartupInfoLogger.java:51)
2024-08-16 19:27:59 [restartedMain] INFO InventoryManagementApp - No active profile set, falling back to 1 default profile: "default" (SpringApplication.java:639)
2024-08-16 19:27:59 [restartedMain] INFO LogHelper - HHH000204: Processing PersistenceUnitInfo [name: default] (LogHelper.java:31)
2024-08-16 19:27:59 [restartedMain] INFO HikariDataSource - HikariPool-5 - Starting... (HikariDataSource.java:110)
2024-08-16 19:27:59 [restartedMain] INFO HikariPool - HikariPool-5 - Added connection com.mysql.cj.jdbc.ConnectionImpl@3a787837 (HikariPool.java:565)
2024-08-16 19:27:59 [restartedMain] INFO HikariDataSource - HikariPool-5 - Start completed. (HikariDataSource.java:123)
2024-08-16 19:27:59 [restartedMain] INFO JtaPlatformInitiator - HHH000489: No JTA platform available (set 'hibernate.transaction.jta.platform' to enable JTA platform integration) (JtaPlatformInitiator.java:55)
2024-08-16 19:28:00 [restartedMain] INFO InventoryManagementApp - Started InventoryManagementApp in 1.359 seconds (process running for 74400.531) (StartupInfoLogger.java:57)
2024-08-16 19:28:03 [Thread-51] INFO HikariDataSource - HikariPool-5 - Shutdown initiated... (HikariDataSource.java:350)
2024-08-16 19:28:03 [Thread-51] INFO HikariDataSource - HikariPool-5 - Shutdown completed. (HikariDataSource.java:352)
2024-08-16 19:28:03 [restartedMain] INFO InventoryManagementApp - Starting InventoryManagementApp using Java 20 with PID 30320 (C:\Users\Ravi\spring_practice\inventory-management-app\target\classes started by Ravi in C:\Users\Ravi\spring_practice\inventory-management-app) (StartupInfoLogger.java:51)
2024-08-16 19:28:03 [restartedMain] INFO InventoryManagementApp - No active profile set, falling back to 1 default profile: "default" (SpringApplication.java:639)
2024-08-16 19:28:04 [restartedMain] INFO LogHelper - HHH000204: Processing PersistenceUnitInfo [name: default] (LogHelper.java:31)
2024-08-16 19:28:04 [restartedMain] INFO HikariDataSource - HikariPool-6 - Starting... (HikariDataSource.java:110)
2024-08-16 19:28:04 [restartedMain] INFO HikariPool - HikariPool-6 - Added connection com.mysql.cj.jdbc.ConnectionImpl@70989976 (HikariPool.java:565)
2024-08-16 19:28:04 [restartedMain] INFO HikariDataSource - HikariPool-6 - Start completed. (HikariDataSource.java:123)
2024-08-16 19:28:04 [restartedMain] INFO JtaPlatformInitiator - HHH000489: No JTA platform available (set 'hibernate.transaction.jta.platform' to enable JTA platform integration) (JtaPlatformInitiator.java:55)
2024-08-16 19:28:05 [restartedMain] INFO InventoryManagementApp - Started InventoryManagementApp in 1.577 seconds (process running for 74405.621) (StartupInfoLogger.java:57)
2024-08-16 19:28:14 [Thread-63] INFO HikariDataSource - HikariPool-6 - Shutdown initiated... (HikariDataSource.java:350)
2024-08-16 19:28:14 [Thread-63] INFO HikariDataSource - HikariPool-6 - Shutdown completed. (HikariDataSource.java:352)
2024-08-16 19:28:14 [restartedMain] INFO InventoryManagementApp - Starting InventoryManagementApp using Java 20 with PID 30320 (C:\Users\Ravi\spring_practice\inventory-management-app\target\classes started by Ravi in C:\Users\Ravi\spring_practice\inventory-management-app) (StartupInfoLogger.java:51)
2024-08-16 19:28:14 [restartedMain] INFO InventoryManagementApp - No active profile set, falling back to 1 default profile: "default" (SpringApplication.java:639)
2024-08-16 19:28:14 [restartedMain] INFO LogHelper - HHH000204: Processing PersistenceUnitInfo [name: default] (LogHelper.java:31)
2024-08-16 19:28:14 [restartedMain] INFO HikariDataSource - HikariPool-7 - Starting... (HikariDataSource.java:110)
2024-08-16 19:28:14 [restartedMain] INFO HikariPool - HikariPool-7 - Added connection com.mysql.cj.jdbc.ConnectionImpl@7d418a9a (HikariPool.java:565)
2024-08-16 19:28:14 [restartedMain] INFO HikariDataSource - HikariPool-7 - Start completed. (HikariDataSource.java:123)
2024-08-16 19:28:14 [restartedMain] INFO JtaPlatformInitiator - HHH000489: No JTA platform available (set 'hibernate.transaction.jta.platform' to enable JTA platform integration) (JtaPlatformInitiator.java:55)
2024-08-16 19:28:15 [restartedMain] INFO InventoryManagementApp - Started InventoryManagementApp in 1.286 seconds (process running for 74415.474) (StartupInfoLogger.java:57)
2024-08-16 19:29:22 [Thread-75] INFO HikariDataSource - HikariPool-7 - Shutdown initiated... (HikariDataSource.java:350)
2024-08-16 19:29:23 [Thread-75] INFO HikariDataSource - HikariPool-7 - Shutdown completed. (HikariDataSource.java:352)
2024-08-16 19:29:23 [restartedMain] INFO InventoryManagementApp - Starting InventoryManagementApp using Java 20 with PID 30320 (C:\Users\Ravi\spring_practice\inventory-management-app\target\classes started by Ravi in C:\Users\Ravi\spring_practice\inventory-management-app) (StartupInfoLogger.java:51)
2024-08-16 19:29:23 [restartedMain] INFO InventoryManagementApp - No active profile set, falling back to 1 default profile: "default" (SpringApplication.java:639)
2024-08-16 19:29:24 [restartedMain] INFO LogHelper - HHH000204: Processing PersistenceUnitInfo [name: default] (LogHelper.java:31)
2024-08-16 19:29:24 [restartedMain] INFO HikariDataSource - HikariPool-8 - Starting... (HikariDataSource.java:110)
2024-08-16 19:29:24 [restartedMain] INFO HikariPool - HikariPool-8 - Added connection com.mysql.cj.jdbc.ConnectionImpl@6dc87012 (HikariPool.java:565)
2024-08-16 19:29:24 [restartedMain] INFO HikariDataSource - HikariPool-8 - Start completed. (HikariDataSource.java:123)
2024-08-16 19:29:24 [restartedMain] INFO JtaPlatformInitiator - HHH000489: No JTA platform available (set 'hibernate.transaction.jta.platform' to enable JTA platform integration) (JtaPlatformInitiator.java:55)
2024-08-16 19:29:24 [restartedMain] INFO InventoryManagementApp - Started InventoryManagementApp in 1.812 seconds (process running for 74485.012) (StartupInfoLogger.java:57)
2024-08-16 19:29:50 [Thread-87] INFO HikariDataSource - HikariPool-8 - Shutdown initiated... (HikariDataSource.java:350)
2024-08-16 19:29:50 [Thread-87] INFO HikariDataSource - HikariPool-8 - Shutdown completed. (HikariDataSource.java:352)
2024-08-16 19:30:07 [restartedMain] INFO InventoryManagementApp - Starting InventoryManagementApp using Java 20 with PID 30320 (C:\Users\Ravi\spring_practice\inventory-management-app\target\classes started by Ravi in C:\Users\Ravi\spring_practice\inventory-management-app) (StartupInfoLogger.java:51)
2024-08-16 19:30:07 [restartedMain] INFO InventoryManagementApp - No active profile set, falling back to 1 default profile: "default" (SpringApplication.java:639)
2024-08-16 19:30:10 [restartedMain] INFO LogHelper - HHH000204: Processing PersistenceUnitInfo [name: default] (LogHelper.java:31)
2024-08-16 19:30:10 [restartedMain] INFO HikariDataSource - HikariPool-9 - Starting... (HikariDataSource.java:110)
2024-08-16 19:30:10 [restartedMain] INFO HikariPool - HikariPool-9 - Added connection com.mysql.cj.jdbc.ConnectionImpl@19569000 (HikariPool.java:565)
2024-08-16 19:30:10 [restartedMain] INFO HikariDataSource - HikariPool-9 - Start completed. (HikariDataSource.java:123)
2024-08-16 19:30:10 [restartedMain] INFO JtaPlatformInitiator - HHH000489: No JTA platform available (set 'hibernate.transaction.jta.platform' to enable JTA platform integration) (JtaPlatformInitiator.java:55)
2024-08-16 19:30:11 [restartedMain] INFO InventoryManagementApp - Started InventoryManagementApp in 4.65 seconds (process running for 74531.716) (StartupInfoLogger.java:57)
2024-08-16 19:30:55 [Thread-99] INFO HikariDataSource - HikariPool-9 - Shutdown initiated... (HikariDataSource.java:350)
2024-08-16 19:30:55 [Thread-99] INFO HikariDataSource - HikariPool-9 - Shutdown completed. (HikariDataSource.java:352)
2024-08-16 19:30:55 [restartedMain] INFO InventoryManagementApp - Starting InventoryManagementApp using Java 20 with PID 30320 (C:\Users\Ravi\spring_practice\inventory-management-app\target\classes started by Ravi in C:\Users\Ravi\spring_practice\inventory-management-app) (StartupInfoLogger.java:51)
2024-08-16 19:30:55 [restartedMain] INFO InventoryManagementApp - No active profile set, falling back to 1 default profile: "default" (SpringApplication.java:639)
2024-08-16 19:30:57 [restartedMain] INFO LogHelper - HHH000204: Processing PersistenceUnitInfo [name: default] (LogHelper.java:31)
2024-08-16 19:30:57 [restartedMain] INFO HikariDataSource - HikariPool-10 - Starting... (HikariDataSource.java:110)
2024-08-16 19:30:57 [restartedMain] INFO HikariPool - HikariPool-10 - Added connection com.mysql.cj.jdbc.ConnectionImpl@641e8f92 (HikariPool.java:565)
2024-08-16 19:30:57 [restartedMain] INFO HikariDataSource - HikariPool-10 - Start completed. (HikariDataSource.java:123)
2024-08-16 19:30:57 [restartedMain] INFO JtaPlatformInitiator - HHH000489: No JTA platform available (set 'hibernate.transaction.jta.platform' to enable JTA platform integration) (JtaPlatformInitiator.java:55)
2024-08-16 19:30:58 [restartedMain] INFO InventoryManagementApp - Started InventoryManagementApp in 2.569 seconds (process running for 74578.578) (StartupInfoLogger.java:57)
2024-08-16 19:31:14 [Thread-114] INFO HikariDataSource - HikariPool-10 - Shutdown initiated... (HikariDataSource.java:350)
2024-08-16 19:31:14 [Thread-114] INFO HikariDataSource - HikariPool-10 - Shutdown completed. (HikariDataSource.java:352)
2024-08-16 19:31:14 [restartedMain] INFO InventoryManagementApp - Starting InventoryManagementApp using Java 20 with PID 30320 (C:\Users\Ravi\spring_practice\inventory-management-app\target\classes started by Ravi in C:\Users\Ravi\spring_practice\inventory-management-app) (StartupInfoLogger.java:51)
2024-08-16 19:31:14 [restartedMain] INFO InventoryManagementApp - No active profile set, falling back to 1 default profile: "default" (SpringApplication.java:639)
2024-08-16 19:31:14 [restartedMain] INFO LogHelper - HHH000204: Processing PersistenceUnitInfo [name: default] (LogHelper.java:31)
2024-08-16 19:31:14 [restartedMain] INFO HikariDataSource - HikariPool-11 - Starting... (HikariDataSource.java:110)
2024-08-16 19:31:14 [restartedMain] INFO HikariPool - HikariPool-11 - Added connection com.mysql.cj.jdbc.ConnectionImpl@54403083 (HikariPool.java:565)
2024-08-16 19:31:14 [restartedMain] INFO HikariDataSource - HikariPool-11 - Start completed. (HikariDataSource.java:123)
2024-08-16 19:31:14 [restartedMain] INFO JtaPlatformInitiator - HHH000489: No JTA platform available (set 'hibernate.transaction.jta.platform' to enable JTA platform integration) (JtaPlatformInitiator.java:55)
2024-08-16 19:31:15 [restartedMain] INFO InventoryManagementApp - Started InventoryManagementApp in 1.188 seconds (process running for 74595.477) (StartupInfoLogger.java:57)
2024-08-16 19:31:28 [http-nio-8086-exec-2] INFO MenuRepositoryCustomImp - Menu Name : Settings (MenuRepositoryCustomImp.java:890)
2024-08-16 19:31:28 [http-nio-8086-exec-2] INFO MenuRepositoryCustomImp - Menu Name : Logout (MenuRepositoryCustomImp.java:890)
2024-08-16 19:31:28 [http-nio-8086-exec-2] INFO MenuAccessController - Menus Accesses retrieved successfully (MenuAccessController.java:118)
2024-08-16 19:43:11 [Thread-126] INFO HikariDataSource - HikariPool-11 - Shutdown initiated... (HikariDataSource.java:350)
2024-08-16 19:43:11 [Thread-126] INFO HikariDataSource - HikariPool-11 - Shutdown completed. (HikariDataSource.java:352)
2024-08-16 19:43:11 [restartedMain] INFO InventoryManagementApp - Starting InventoryManagementApp using Java 20 with PID 30320 (C:\Users\Ravi\spring_practice\inventory-management-app\target\classes started by Ravi in C:\Users\Ravi\spring_practice\inventory-management-app) (StartupInfoLogger.java:51)
2024-08-16 19:43:11 [restartedMain] INFO InventoryManagementApp - No active profile set, falling back to 1 default profile: "default" (SpringApplication.java:639)
2024-08-16 19:43:12 [restartedMain] INFO LogHelper - HHH000204: Processing PersistenceUnitInfo [name: default] (LogHelper.java:31)
2024-08-16 19:43:12 [restartedMain] INFO HikariDataSource - HikariPool-12 - Starting... (HikariDataSource.java:110)
2024-08-16 19:43:12 [restartedMain] INFO HikariPool - HikariPool-12 - Added connection com.mysql.cj.jdbc.ConnectionImpl@72e16a73 (HikariPool.java:565)
2024-08-16 19:43:12 [restartedMain] INFO HikariDataSource - HikariPool-12 - Start completed. (HikariDataSource.java:123)
2024-08-16 19:43:12 [restartedMain] INFO JtaPlatformInitiator - HHH000489: No JTA platform available (set 'hibernate.transaction.jta.platform' to enable JTA platform integration) (JtaPlatformInitiator.java:55)
2024-08-16 19:43:12 [restartedMain] INFO InventoryManagementApp - Started InventoryManagementApp in 1.386 seconds (process running for 75313.087) (StartupInfoLogger.java:57)
2024-08-16 19:49:51 [Thread-138] INFO HikariDataSource - HikariPool-12 - Shutdown initiated... (HikariDataSource.java:350)
2024-08-16 19:49:51 [Thread-138] INFO HikariDataSource - HikariPool-12 - Shutdown completed. (HikariDataSource.java:352)
2024-08-16 19:49:51 [restartedMain] INFO InventoryManagementApp - Starting InventoryManagementApp using Java 20 with PID 30320 (C:\Users\Ravi\spring_practice\inventory-management-app\target\classes started by Ravi in C:\Users\Ravi\spring_practice\inventory-management-app) (StartupInfoLogger.java:51)
2024-08-16 19:49:51 [restartedMain] INFO InventoryManagementApp - No active profile set, falling back to 1 default profile: "default" (SpringApplication.java:639)
2024-08-16 19:49:52 [restartedMain] INFO LogHelper - HHH000204: Processing PersistenceUnitInfo [name: default] (LogHelper.java:31)
2024-08-16 19:49:52 [restartedMain] INFO HikariDataSource - HikariPool-13 - Starting... (HikariDataSource.java:110)
2024-08-16 19:49:52 [restartedMain] INFO HikariPool - HikariPool-13 - Added connection com.mysql.cj.jdbc.ConnectionImpl@1fe2f5d2 (HikariPool.java:565)
2024-08-16 19:49:52 [restartedMain] INFO HikariDataSource - HikariPool-13 - Start completed. (HikariDataSource.java:123)
2024-08-16 19:49:52 [restartedMain] INFO JtaPlatformInitiator - HHH000489: No JTA platform available (set 'hibernate.transaction.jta.platform' to enable JTA platform integration) (JtaPlatformInitiator.java:55)
2024-08-16 19:49:53 [restartedMain] INFO InventoryManagementApp - Started InventoryManagementApp in 1.526 seconds (process running for 75713.304) (StartupInfoLogger.java:57)
2024-08-16 19:52:45 [SpringApplicationShutdownHook] INFO HikariDataSource - HikariPool-13 - Shutdown initiated... (HikariDataSource.java:350)
2024-08-16 19:52:45 [SpringApplicationShutdownHook] INFO HikariDataSource - HikariPool-13 - Shutdown completed. (HikariDataSource.java:352)
